[debug] [2022-05-16T13:59:03.537Z] ----------------------------------------------------------------------
[debug] [2022-05-16T13:59:03.539Z] Command:       C:\Program Files\nodejs\node.exe C:\Users\Dell\AppData\Roaming\npm\node_modules\firebase-tools\lib\bin\firebase.js init
[debug] [2022-05-16T13:59:03.539Z] CLI Version:   10.9.2
[debug] [2022-05-16T13:59:03.539Z] Platform:      win32
[debug] [2022-05-16T13:59:03.539Z] Node Version:  v18.1.0
[debug] [2022-05-16T13:59:03.546Z] Time:          Mon May 16 2022 19:29:03 GMT+0530 (India Standard Time)
[debug] [2022-05-16T13:59:03.547Z] ----------------------------------------------------------------------
[debug] 
[debug] [2022-05-16T13:59:03.554Z] > command requires scopes: ["email","openid","https://www.googleapis.com/auth/cloudplatformprojects.readonly","https://www.googleapis.com/auth/firebase","https://www.googleapis.com/auth/cloud-platform"]
[debug] [2022-05-16T13:59:03.555Z] > authorizing via signed-in user (aneja.suhaan13@gmail.com)
[info] 
     ######## #### ########  ######## ########     ###     ######  ########
     ##        ##  ##     ## ##       ##     ##  ##   ##  ##       ##
     ######    ##  ########  ######   ########  #########  ######  ######
     ##        ##  ##    ##  ##       ##     ## ##     ##       ## ##
     ##       #### ##     ## ######## ########  ##     ##  ######  ########

You're about to initialize a Firebase project in this directory:

  C:\Users\Dell\OneDrive\TryHardAarush

[info] 
=== Project Setup
[info] 
[info] First, let's associate this project directory with a Firebase project.
[info] You can create multiple project aliases by running firebase use --add, 
[info] but for now we'll just set up a default project.
[info] 
[debug] [2022-05-16T14:01:46.061Z] >>> [apiv2][query] GET https://firebase.googleapis.com/v1beta1/projects pageSize=100
[debug] [2022-05-16T14:01:47.111Z] <<< [apiv2][status] GET https://firebase.googleapis.com/v1beta1/projects 200
[debug] [2022-05-16T14:01:47.111Z] <<< [apiv2][body] GET https://firebase.googleapis.com/v1beta1/projects [omitted]
[info] i  Using project tryhardaarush (TryHardAarush) 
[info] 
=== Hosting Setup
[info] 
[info] Your public directory is the folder (relative to your project directory) that
[info] will contain Hosting assets to be uploaded with firebase deploy. If you
[info] have a build process for your assets, use your build's output directory.
[info] 
